<?xml version="1.0" encoding="UTF-8"?>
<!-- Generated by org.testng.reporters.JUnitReportReporter -->
<testsuite hostname="Dattatray-PC" name="skyscape.Login_data" tests="1" failures="0" timestamp="11 Sep 2014 12:32:34 GMT" time="93.111" errors="0">
  <testcase name="Login_All_scenarios" time="93.111" classname="skyscape.Login_data"/>
</testsuite> <!-- skyscape.Login_data -->
